<?xml version="1.0" encoding="UTF-8"?>
<testsuite xmlns:xsi="http://www.w3.org/2001/XMLSchema-instance" xsi:noNamespaceSchemaLocation="https://maven.apache.org/surefire/maven-surefire-plugin/xsd/surefire-test-report.xsd" name="TestSuite" time="37.672" tests="2" errors="0" skipped="0" failures="2">
  <properties>
[...]
</properties>
  <testcase name="loginTest" classname="com.w2a.TestCases.LoginTest" time="20.636">
    <failure message="Failing the LoginTest" type="java.lang.AssertionError">java.lang.AssertionError: Failing the LoginTest
	at com.w2a.TestCases.LoginTest.loginTest(LoginTest.java:22)
</failure>
    <system-out><![CDATA[[TestNGContentHandler] [WARN] It is strongly recommended to add "<!DOCTYPE suite SYSTEM "http://testng.org/testng-1.0.dtd" >" at the top of your file, otherwise TestNG may fail or not work as expected.
]]></system-out>
    <system-err><![CDATA[Dec 04, 2023 3:00:03 PM org.openqa.selenium.devtools.CdpVersionFinder findNearestMatch
WARNING: Unable to find an exact match for CDP version 119, returning the closest version; found: 118; Please update to a Selenium version that supports CDP version 119
]]></system-err>
  </testcase>
  <testcase name="createAccountTest" classname="com.w2a.TestCases.CreateAccountTest" time="10.613">
    <failure message="Failing the Create Account Test" type="java.lang.AssertionError">java.lang.AssertionError: Failing the Create Account Test
	at com.w2a.TestCases.CreateAccountTest.createAccountTest(CreateAccountTest.java:24)
</failure>
    <system-out><![CDATA[[TestHTMLReporter] The system cannot find the path specified
]]></system-out>
  </testcase>
</testsuite>